#Nexus
[This mpest2.0 analysis was conducted at local time 04:55PM on 06-18-2018 with seed = 3141592653962619. The branch length 1.0 of the external branches is arbitrary because mp-est does not estimate the lengths of the external branches. If the internal branch length is 7.0, it indicates that all gene trees support the species tree triple. In the output.tre file, the tree block contains the output trees (and their likelihood scores) generated from the algorithm, while the besttree.tre file contains the best tree. If multiple runs are specified, the besttree.tre file contains multiple best trees generated from multiple runs. Choose the one with the maximum likelihood score as the estimate of the species tree.]

Begin trees;
  translate
	1 bison,
	2 buffalo,
	3 cattle,
	4 goat,
	5 indicus,
	6 wisent,
	7 yak;
  tree mpest [-180020.552848] = (4:1.0,(2:1.0,((7:1.0,(1:1.0,6:1.0):0.882142):0.260928,(3:1.0,5:1.0):1.078058):2.058931):7.000000);
  tree mpest [-180020.552881] = (4:1.0,(((5:1.0,3:1.0):1.078028,(7:1.0,(6:1.0,1:1.0):0.882170):0.260937):2.058908,2:1.0):7.000000);
  tree mpest [-180020.552855] = (4:1.0,(2:1.0,((5:1.0,3:1.0):1.078069,((1:1.0,6:1.0):0.882147,7:1.0):0.260934):2.058933):7.000000);
  tree mpest [-180020.552860] = (4:1.0,(2:1.0,((7:1.0,(1:1.0,6:1.0):0.882174):0.260911,(5:1.0,3:1.0):1.078033):2.059013):7.000000);
  tree mpest [-180020.552851] = (4:1.0,(2:1.0,((5:1.0,3:1.0):1.078018,(7:1.0,(6:1.0,1:1.0):0.882138):0.260909):2.058957):7.000000);
  tree mpest [-180020.552846] = (4:1.0,(2:1.0,((7:1.0,(6:1.0,1:1.0):0.882173):0.260907,(3:1.0,5:1.0):1.078039):2.058973):7.000000);
  tree mpest [-180020.552848] = (4:1.0,(((5:1.0,3:1.0):1.078017,((6:1.0,1:1.0):0.882155,7:1.0):0.260921):2.058963,2:1.0):7.000000);
  tree mpest [-180020.552860] = (4:1.0,(2:1.0,((7:1.0,(6:1.0,1:1.0):0.882187):0.260913,(5:1.0,3:1.0):1.078056):2.059005):7.000000);
  tree mpest [-180020.552947] = (4:1.0,(((3:1.0,5:1.0):1.078036,(7:1.0,(1:1.0,6:1.0):0.882232):0.260869):2.058958,2:1.0):7.000000);
  tree mpest [-180020.552857] = (4:1.0,(((5:1.0,3:1.0):1.078047,((1:1.0,6:1.0):0.882175,7:1.0):0.260930):2.058935,2:1.0):7.000000);
  tree mpest [-180020.552844] = (4:1.0,(2:1.0,((5:1.0,3:1.0):1.078040,(7:1.0,(1:1.0,6:1.0):0.882172):0.260920):2.058960):7.000000);
  tree mpest [-180020.552936] = (4:1.0,(2:1.0,((5:1.0,3:1.0):1.078107,((1:1.0,6:1.0):0.882128,7:1.0):0.260962):2.058938):7.000000);
  tree mpest [-180020.552845] = (4:1.0,(2:1.0,((3:1.0,5:1.0):1.078052,((1:1.0,6:1.0):0.882131,7:1.0):0.260930):2.058961):7.000000);
  tree mpest [-180020.552911] = (4:1.0,(2:1.0,((7:1.0,(6:1.0,1:1.0):0.882102):0.260959,(5:1.0,3:1.0):1.078080):2.058948):7.000000);
  tree mpest [-180020.552851] = (4:1.0,(2:1.0,((5:1.0,3:1.0):1.078085,(7:1.0,(1:1.0,6:1.0):0.882143):0.260928):2.058961):7.000000);
  tree mpest [-180020.552864] = (4:1.0,(2:1.0,(((6:1.0,1:1.0):0.882175,7:1.0):0.260894,(5:1.0,3:1.0):1.078069):2.058984):7.000000);
  tree mpest [-180020.552845] = (4:1.0,(2:1.0,(((1:1.0,6:1.0):0.882154,7:1.0):0.260904,(3:1.0,5:1.0):1.078047):2.058971):7.000000);
  tree mpest [-180020.552919] = (4:1.0,(((5:1.0,3:1.0):1.078039,((1:1.0,6:1.0):0.882129,7:1.0):0.260913):2.058854,2:1.0):7.000000);
  tree mpest [-180020.552889] = (4:1.0,(2:1.0,((3:1.0,5:1.0):1.077982,((1:1.0,6:1.0):0.882184,7:1.0):0.260901):2.058983):7.000000);
  tree mpest [-180020.552896] = (4:1.0,(2:1.0,(((6:1.0,1:1.0):0.882115,7:1.0):0.260950,(3:1.0,5:1.0):1.078037):2.059008):7.000000);
end;

